Arguments: 
  /home/keshav/.nvm/versions/node/v20.15.1/bin/node /home/keshav/.nvm/versions/node/v20.15.1/bin/yarn add nodemon ts-node typescirpt

PATH: 
  /home/keshav/.nvm/versions/node/v20.15.1/bin:/home/keshav/.local/bin:/home/keshav/go/bin:/home/keshav/.local/opt/go/bin:/home/keshav/.local/bin:/usr/local/sbin:/usr/local/bin:/usr/sbin:/usr/bin:/sbin:/bin:/usr/games:/usr/local/games:/snap/bin:/snap/bin:/home/keshav/.local/opt/go/bin:/home/keshav/.local/opt/go/bin

Yarn version: 
  1.22.19

Node version: 
  20.15.1

Platform: 
  linux x64

Trace: 
  Error: https://registry.yarnpkg.com/typescirpt: Not found
      at params.callback [as _callback] (/home/keshav/.nvm/versions/node/v20.15.1/lib/node_modules/yarn/lib/cli.js:66145:18)
      at self.callback (/home/keshav/.nvm/versions/node/v20.15.1/lib/node_modules/yarn/lib/cli.js:140890:22)
      at Request.emit (node:events:519:28)
      at Request.<anonymous> (/home/keshav/.nvm/versions/node/v20.15.1/lib/node_modules/yarn/lib/cli.js:141862:10)
      at Request.emit (node:events:519:28)
      at IncomingMessage.<anonymous> (/home/keshav/.nvm/versions/node/v20.15.1/lib/node_modules/yarn/lib/cli.js:141784:12)
      at Object.onceWrapper (node:events:633:28)
      at IncomingMessage.emit (node:events:531:35)
      at endReadableNT (node:internal/streams/readable:1696:12)
      at process.processTicksAndRejections (node:internal/process/task_queues:82:21)

npm manifest: 
  {
    "name": "server",
    "version": "1.0.0",
    "main": "index.js",
    "license": "MIT"
  }

yarn manifest: 
  No manifest

Lockfile: 
  # THIS IS AN AUTOGENERATED FILE. DO NOT EDIT THIS FILE DIRECTLY.
  # yarn lockfile v1
